# JRE version: Java(TM) SE Runtime Environment (8.0_60-b27) (build 1.8.0_60-b27)
# Java VM: Java HotSpot(TM) 64-Bit Server VM (25.60-b23 mixed mode bsd-amd64 compressed oops)
Heap:
 PSYoungGen      total 76288K, used 18543K [0x000000076ab00000, 0x0000000770000000, 0x00000007c0000000)
  eden space 65536K, 28% used [0x000000076ab00000,0x000000076bd1bf60,0x000000076eb00000)
  from space 10752K, 0% used [0x000000076eb00000,0x000000076eb00000,0x000000076f580000)
  to   space 10752K, 0% used [0x000000076f580000,0x000000076f580000,0x0000000770000000)
 ParOldGen       total 72704K, used 6658K [0x00000006c0000000, 0x00000006c4700000, 0x000000076ab00000)
  object space 72704K, 9% used [0x00000006c0000000,0x00000006c0680bb0,0x00000006c4700000)
 Metaspace       used 22333K, capacity 23342K, committed 23552K, reserved 1069056K
  class space    used 3098K, capacity 3303K, committed 3328K, reserved 1048576K
GC Heap History (4 events):
Event: 16.332 GC heap before
{Heap before GC invocations=1 (full 0):
 PSYoungGen      total 76288K, used 48830K [0x000000076ab00000, 0x0000000770000000, 0x00000007c0000000)
  eden space 65536K, 74% used [0x000000076ab00000,0x000000076daafb38,0x000000076eb00000)
  from space 10752K, 0% used [0x000000076f580000,0x000000076f580000,0x0000000770000000)
  to   space 10752K, 0% used [0x000000076eb00000,0x000000076eb00000,0x000000076f580000)
 ParOldGen       total 175104K, used 0K [0x00000006c0000000, 0x00000006cab00000, 0x000000076ab00000)
  object space 175104K, 0% used [0x00000006c0000000,0x00000006c0000000,0x00000006cab00000)
 Metaspace       used 20121K, capacity 21082K, committed 21248K, reserved 1067008K
  class space    used 2857K, capacity 3069K, committed 3072K, reserved 1048576K
Event: 16.341 GC heap after
Heap after GC invocations=1 (full 0):
 PSYoungGen      total 76288K, used 7365K [0x000000076ab00000, 0x0000000770000000, 0x00000007c0000000)
  eden space 65536K, 0% used [0x000000076ab00000,0x000000076ab00000,0x000000076eb00000)
  from space 10752K, 68% used [0x000000076eb00000,0x000000076f231560,0x000000076f580000)
  to   space 10752K, 0% used [0x000000076f580000,0x000000076f580000,0x0000000770000000)
 ParOldGen       total 175104K, used 24K [0x00000006c0000000, 0x00000006cab00000, 0x000000076ab00000)
  object space 175104K, 0% used [0x00000006c0000000,0x00000006c0006000,0x00000006cab00000)
 Metaspace       used 20121K, capacity 21082K, committed 21248K, reserved 1067008K
  class space    used 2857K, capacity 3069K, committed 3072K, reserved 1048576K
}
Event: 16.341 GC heap before
{Heap before GC invocations=2 (full 1):
 PSYoungGen      total 76288K, used 7365K [0x000000076ab00000, 0x0000000770000000, 0x00000007c0000000)
  eden space 65536K, 0% used [0x000000076ab00000,0x000000076ab00000,0x000000076eb00000)
  from space 10752K, 68% used [0x000000076eb00000,0x000000076f231560,0x000000076f580000)
  to   space 10752K, 0% used [0x000000076f580000,0x000000076f580000,0x0000000770000000)
 ParOldGen       total 175104K, used 24K [0x00000006c0000000, 0x00000006cab00000, 0x000000076ab00000)
  object space 175104K, 0% used [0x00000006c0000000,0x00000006c0006000,0x00000006cab00000)
 Metaspace       used 20121K, capacity 21082K, committed 21248K, reserved 1067008K
  class space    used 2857K, capacity 3069K, committed 3072K, reserved 1048576K
Event: 16.364 GC heap after
Heap after GC invocations=2 (full 1):
 PSYoungGen      total 76288K, used 0K [0x000000076ab00000, 0x0000000770000000, 0x00000007c0000000)
  eden space 65536K, 0% used [0x000000076ab00000,0x000000076ab00000,0x000000076eb00000)
  from space 10752K, 0% used [0x000000076eb00000,0x000000076eb00000,0x000000076f580000)
  to   space 10752K, 0% used [0x000000076f580000,0x000000076f580000,0x0000000770000000)
 ParOldGen       total 72704K, used 6658K [0x00000006c0000000, 0x00000006c4700000, 0x000000076ab00000)
  object space 72704K, 9% used [0x00000006c0000000,0x00000006c0680bb0,0x00000006c4700000)
 Metaspace       used 20121K, capacity 21082K, committed 21248K, reserved 1067008K
  class space    used 2857K, capacity 3069K, committed 3072K, reserved 1048576K
}

